[INFO ] 2023-05-24 00:34:14.023 [main] RecordTabTest - Browser is initialized
[INFO ] 2023-05-24 00:34:26.357 [main] RecordTabTest - Stat page is verified
[INFO ] 2023-05-24 00:34:26.476 [main] RecordTabTest - Browser is closed
[INFO ] 2023-05-24 00:34:27.202 [main] RecordTabTest - Browser is initialized
[INFO ] 2023-05-24 00:34:37.215 [main] RecordTabTest - Awards page is verified
[INFO ] 2023-05-24 00:34:37.221 [main] RecordTabTest - Browser is closed
[INFO ] 2023-05-24 00:34:37.695 [main] RecordTabTest - Browser is initialized
[INFO ] 2023-05-24 00:34:48.777 [main] RecordTabTest - Records page is verified
[INFO ] 2023-05-24 00:34:48.780 [main] RecordTabTest - Browser is closed
[INFO ] 2023-05-24 00:34:49.169 [main] RecordTabTest - Browser is initialized
[INFO ] 2023-05-24 00:35:00.127 [main] RecordTabTest - Season 2023 Verified
[INFO ] 2023-05-24 00:35:00.130 [main] RecordTabTest - Browser is closed
[INFO ] 2023-05-24 00:35:00.506 [main] RecordTabTest - Browser is initialized
[INFO ] 2023-05-24 00:35:12.859 [main] RecordTabTest - Season 2022 Verified
[INFO ] 2023-05-24 00:35:12.862 [main] RecordTabTest - Browser is closed
[INFO ] 2023-05-24 00:35:13.263 [main] RecordTabTest - Browser is initialized
[INFO ] 2023-05-24 00:35:26.874 [main] RecordTabTest - Season 2021 Verified
[INFO ] 2023-05-24 00:35:26.876 [main] RecordTabTest - Browser is closed
[INFO ] 2023-05-24 00:35:27.250 [main] RecordTabTest - Browser is initialized
[INFO ] 2023-05-24 00:35:40.512 [main] RecordTabTest - Season 2020 Verified
[INFO ] 2023-05-24 00:35:40.517 [main] RecordTabTest - Browser is closed
[INFO ] 2023-05-24 00:35:40.949 [main] RecordTabTest - Browser is initialized
[INFO ] 2023-05-24 00:36:14.353 [main] RecordTabTest - Season 2019 Verified
[INFO ] 2023-05-24 00:36:14.356 [main] RecordTabTest - Browser is closed
[INFO ] 2023-05-24 00:36:14.729 [main] RecordTabTest - Browser is initialized
[INFO ] 2023-05-24 00:36:29.026 [main] RecordTabTest - Season 2018 Verified
[INFO ] 2023-05-24 00:36:29.028 [main] RecordTabTest - Browser is closed
[INFO ] 2023-05-24 00:36:29.410 [main] RecordTabTest - Browser is initialized
[INFO ] 2023-05-24 00:36:42.706 [main] RecordTabTest - Season 2017 Verified
[INFO ] 2023-05-24 00:36:42.707 [main] RecordTabTest - Browser is closed
[INFO ] 2023-05-24 00:36:43.090 [main] RecordTabTest - Browser is initialized
[INFO ] 2023-05-24 00:36:56.543 [main] RecordTabTest - Season 2016 Verified
[INFO ] 2023-05-24 00:36:56.545 [main] RecordTabTest - Browser is closed
[INFO ] 2023-05-24 00:36:56.928 [main] RecordTabTest - Browser is initialized
[INFO ] 2023-05-24 00:37:09.521 [main] RecordTabTest - Season 2015 Verified
[INFO ] 2023-05-24 00:37:09.523 [main] RecordTabTest - Browser is closed
[INFO ] 2023-05-24 00:37:09.912 [main] RecordTabTest - Browser is initialized
[INFO ] 2023-05-24 00:37:23.059 [main] RecordTabTest - Season 2014 Verified
[INFO ] 2023-05-24 00:37:23.062 [main] RecordTabTest - Browser is closed
[INFO ] 2023-05-24 00:37:23.534 [main] RecordTabTest - Browser is initialized
[INFO ] 2023-05-24 00:37:36.711 [main] RecordTabTest - Season 2013 Verified
[INFO ] 2023-05-24 00:37:36.713 [main] RecordTabTest - Browser is closed
[INFO ] 2023-05-24 00:37:37.099 [main] RecordTabTest - Browser is initialized
[INFO ] 2023-05-24 00:37:50.679 [main] RecordTabTest - Season 2012 Verified
[INFO ] 2023-05-24 00:37:50.681 [main] RecordTabTest - Browser is closed
[INFO ] 2023-05-24 00:37:51.178 [main] RecordTabTest - Browser is initialized
[INFO ] 2023-05-24 00:38:05.295 [main] RecordTabTest - Season 2011 Verified
[INFO ] 2023-05-24 00:38:05.296 [main] RecordTabTest - Browser is closed
[INFO ] 2023-05-24 00:38:05.696 [main] RecordTabTest - Browser is initialized
[INFO ] 2023-05-24 00:38:18.602 [main] RecordTabTest - Season 2010 Verified
[INFO ] 2023-05-24 00:38:18.603 [main] RecordTabTest - Browser is closed
[INFO ] 2023-05-24 00:38:19.005 [main] RecordTabTest - Browser is initialized
[INFO ] 2023-05-24 00:38:33.195 [main] RecordTabTest - Season 2009 Verified
[INFO ] 2023-05-24 00:38:33.197 [main] RecordTabTest - Browser is closed
[INFO ] 2023-05-24 00:38:33.592 [main] RecordTabTest - Browser is initialized
[INFO ] 2023-05-24 00:38:35.483 [main] RecordTabTest - Browser is initialized
[INFO ] 2023-05-24 00:38:49.173 [main] RecordTabTest - Orange Cap filter Verified
[INFO ] 2023-05-24 00:38:49.175 [main] RecordTabTest - Browser is closed
[INFO ] 2023-05-24 00:38:49.552 [main] RecordTabTest - Browser is initialized
[INFO ] 2023-05-24 00:39:02.217 [main] RecordTabTest - Most Fours filter Verified
[INFO ] 2023-05-24 00:39:02.220 [main] RecordTabTest - Browser is closed
[INFO ] 2023-05-24 00:39:02.658 [main] RecordTabTest - Browser is initialized
[INFO ] 2023-05-24 00:39:14.770 [main] RecordTabTest - Most Fours innings filter Verified
[INFO ] 2023-05-24 00:39:14.773 [main] RecordTabTest - Browser is closed
[INFO ] 2023-05-24 00:39:15.145 [main] RecordTabTest - Browser is initialized
[INFO ] 2023-05-24 00:39:27.473 [main] RecordTabTest - Most Sixes filter Verified
[INFO ] 2023-05-24 00:39:27.475 [main] RecordTabTest - Browser is closed
[INFO ] 2023-05-24 00:39:27.874 [main] RecordTabTest - Browser is initialized
[INFO ] 2023-05-24 00:39:40.514 [main] RecordTabTest - Most Sixes Innings filter Verified
[INFO ] 2023-05-24 00:39:40.519 [main] RecordTabTest - Browser is closed
[INFO ] 2023-05-24 00:39:41.199 [main] RecordTabTest - Browser is initialized
[INFO ] 2023-05-24 00:39:54.290 [main] RecordTabTest - Most Fifties filter Verified
[INFO ] 2023-05-24 00:39:54.292 [main] RecordTabTest - Browser is closed
[INFO ] 2023-05-24 00:39:54.732 [main] RecordTabTest - Browser is initialized
[INFO ] 2023-05-24 00:40:07.802 [main] RecordTabTest - Browser is closed
[INFO ] 2023-05-24 00:40:08.133 [main] RecordTabTest - Browser is initialized
[INFO ] 2023-05-24 00:40:20.476 [main] RecordTabTest - Fastest Fifties filter Verified
[INFO ] 2023-05-24 00:40:20.478 [main] RecordTabTest - Browser is closed
[INFO ] 2023-05-24 00:40:20.846 [main] RecordTabTest - Browser is initialized
[INFO ] 2023-05-24 00:40:34.577 [main] RecordTabTest - Fastest Centuries filter Verified
[INFO ] 2023-05-24 00:40:34.579 [main] RecordTabTest - Browser is closed
[INFO ] 2023-05-24 00:40:34.962 [main] RecordTabTest - Browser is initialized
[INFO ] 2023-05-24 00:40:47.667 [main] RecordTabTest - Highest Scores filter Verified
[INFO ] 2023-05-24 00:40:47.670 [main] RecordTabTest - Browser is closed
[INFO ] 2023-05-24 00:40:48.127 [main] RecordTabTest - Browser is initialized
[INFO ] 2023-05-24 00:41:00.703 [main] RecordTabTest - Best Batting Strike Rate filter Verified
[INFO ] 2023-05-24 00:41:00.705 [main] RecordTabTest - Browser is closed
[INFO ] 2023-05-24 00:41:01.082 [main] RecordTabTest - Browser is initialized
[INFO ] 2023-05-24 00:41:14.173 [main] RecordTabTest - Best Batting Strike Rate Innings filter Verified
[INFO ] 2023-05-24 00:41:14.175 [main] RecordTabTest - Browser is closed
[INFO ] 2023-05-24 00:41:14.610 [main] RecordTabTest - Browser is initialized
[INFO ] 2023-05-24 00:41:27.720 [main] RecordTabTest - Best Batting Average filter Verified
[INFO ] 2023-05-24 00:41:27.722 [main] RecordTabTest - Browser is closed
[INFO ] 2023-05-24 00:41:28.096 [main] RecordTabTest - Browser is initialized
[INFO ] 2023-05-24 00:41:41.032 [main] RecordTabTest - Purple Cap filter Verified
[INFO ] 2023-05-24 00:41:41.034 [main] RecordTabTest - Browser is closed
[INFO ] 2023-05-24 00:41:41.431 [main] RecordTabTest - Browser is initialized
[INFO ] 2023-05-24 00:41:55.484 [main] RecordTabTest - Most Maidens filter Verified
[INFO ] 2023-05-24 00:41:55.486 [main] RecordTabTest - Browser is closed
[INFO ] 2023-05-24 00:41:55.846 [main] RecordTabTest - Browser is initialized
[INFO ] 2023-05-24 00:42:09.435 [main] RecordTabTest - Most Dot Balls filter Verified
[INFO ] 2023-05-24 00:42:09.438 [main] RecordTabTest - Browser is closed
[INFO ] 2023-05-24 00:42:09.815 [main] RecordTabTest - Browser is initialized
[INFO ] 2023-05-24 00:42:22.694 [main] RecordTabTest - Most Dot Balls Innings filter Verified
[INFO ] 2023-05-24 00:42:22.696 [main] RecordTabTest - Browser is closed
[INFO ] 2023-05-24 00:42:23.061 [main] RecordTabTest - Browser is initialized
[INFO ] 2023-05-24 00:42:38.187 [main] RecordTabTest - Most Best Bowling Average filter Verified
[INFO ] 2023-05-24 00:42:38.189 [main] RecordTabTest - Browser is closed
[INFO ] 2023-05-24 00:42:38.505 [main] RecordTabTest - Browser is initialized
[INFO ] 2023-05-24 00:42:52.427 [main] RecordTabTest - Most Best Bowling Economy Filter Verified
[INFO ] 2023-05-24 00:42:52.429 [main] RecordTabTest - Browser is closed
[INFO ] 2023-05-24 00:42:52.787 [main] RecordTabTest - Browser is initialized
[INFO ] 2023-05-24 00:43:06.554 [main] RecordTabTest - Browser is closed
[INFO ] 2023-05-24 00:43:06.940 [main] RecordTabTest - Browser is initialized
[INFO ] 2023-05-24 00:43:20.372 [main] RecordTabTest - Most Best Bowling Strike Rate Filter Verified
[INFO ] 2023-05-24 00:43:20.374 [main] RecordTabTest - Browser is closed
[INFO ] 2023-05-24 00:43:20.786 [main] RecordTabTest - Browser is initialized
[INFO ] 2023-05-24 00:43:33.942 [main] RecordTabTest - Most Best Bowling Strike Rate Innings Filter Verified
[INFO ] 2023-05-24 00:43:33.944 [main] RecordTabTest - Browser is closed
[INFO ] 2023-05-24 00:43:34.331 [main] RecordTabTest - Browser is initialized
[INFO ] 2023-05-24 00:43:48.018 [main] RecordTabTest - Most Best Bowling Figures Filter Verified
[INFO ] 2023-05-24 00:43:48.020 [main] RecordTabTest - Browser is closed
[INFO ] 2023-05-24 00:43:48.398 [main] RecordTabTest - Browser is initialized
[INFO ] 2023-05-24 00:44:03.710 [main] RecordTabTest - Most Runs Conceded Filter Verified
[INFO ] 2023-05-24 00:44:03.712 [main] RecordTabTest - Browser is closed
[INFO ] 2023-05-24 00:44:04.027 [main] RecordTabTest - Browser is initialized
[INFO ] 2023-05-24 00:44:17.235 [main] RecordTabTest - Hat-Tricks Filter Verified
[INFO ] 2023-05-24 00:44:17.237 [main] RecordTabTest - Browser is closed
[INFO ] 2023-05-24 00:52:15.846 [main] RecordTabTest - Browser is initialized
[INFO ] 2023-05-24 00:52:28.189 [main] RecordTabTest - Stat page is verified
[INFO ] 2023-05-24 00:52:28.390 [main] RecordTabTest - Browser is closed
